[debug] [2026-02-07T14:54:02.542Z] ----------------------------------------------------------------------
[debug] [2026-02-07T14:54:02.543Z] Command:       C:\Program Files\nodejs\node.exe C:\Users\ASUS\AppData\Roaming\npm\node_modules\firebase-tools\lib\bin\firebase.js apps:sdkconfig ios 1:1042180423758:ios:1512d4220ebc46588e031f --json
[debug] [2026-02-07T14:54:02.544Z] CLI Version:   15.1.0
[debug] [2026-02-07T14:54:02.544Z] Platform:      win32
[debug] [2026-02-07T14:54:02.544Z] Node Version:  v22.21.0
[debug] [2026-02-07T14:54:02.544Z] Time:          Sat Feb 07 2026 21:54:02 GMT+0700 (Indochina Time)
[debug] [2026-02-07T14:54:02.544Z] ----------------------------------------------------------------------
[debug] 
[debug] [2026-02-07T14:54:02.698Z] Object "" in "firebase.json" has unknown property: {"additionalProperty":"flutter"}
[debug] [2026-02-07T14:54:02.700Z] > command requires scopes: ["email","openid","https://www.googleapis.com/auth/cloudplatformprojects.readonly","https://www.googleapis.com/auth/firebase","https://www.googleapis.com/auth/cloud-platform"]
[debug] [2026-02-07T14:54:02.700Z] > authorizing via signed-in user (sophoanbopha2004@gmail.com)
[debug] [2026-02-07T14:54:02.703Z] Checked if tokens are valid: true, expires at: 1770479603015
[debug] [2026-02-07T14:54:02.703Z] Checked if tokens are valid: true, expires at: 1770479603015
[debug] [2026-02-07T14:54:02.704Z] >>> [apiv2][query] GET https://firebase.googleapis.com/v1beta1/projects/-/iosApps/1:1042180423758:ios:1512d4220ebc46588e031f/config [none]
[debug] [2026-02-07T14:54:02.724Z] *** [apiv2] error from fetch(https://firebase.googleapis.com/v1beta1/projects/-/iosApps/1:1042180423758:ios:1512d4220ebc46588e031f/config, {"headers":{},"method":"GET","signal":{"reason":""}}): FetchError: request to https://firebase.googleapis.com/v1beta1/projects/-/iosApps/1:1042180423758:ios:1512d4220ebc46588e031f/config failed, reason: getaddrinfo ENOTFOUND firebase.googleapis.com
[debug] [2026-02-07T14:54:02.724Z] Failed to make request to https://firebase.googleapis.com/v1beta1/projects/-/iosApps/1:1042180423758:ios:1512d4220ebc46588e031f/config
[debug] [2026-02-07T14:54:02.730Z] FirebaseError: Failed to make request to https://firebase.googleapis.com/v1beta1/projects/-/iosApps/1:1042180423758:ios:1512d4220ebc46588e031f/config
    at RetryOperation._fn (C:\Users\ASUS\AppData\Roaming\npm\node_modules\firebase-tools\lib\apiv2.js:271:31)
    at process.processTicksAndRejections (node:internal/process/task_queues:105:5)
[error] 
[error] Error: Failed to get IOS app configuration. See firebase-debug.log for more info.
